TN:
SF:src\config\database.js
FNF:0
FNH:0
DA:2,1
DA:3,1
DA:5,1
DA:7,1
DA:10,1
DA:11,1
DA:14,1
DA:19,1
LF:8
LH:8
BRDA:10,0,0,1
BRDA:10,0,1,0
BRDA:11,1,0,1
BRDA:11,1,1,0
BRF:4
BRH:2
end_of_record
TN:
SF:src\controllers\authController.js
FN:7,(anonymous_0)
FN:19,(anonymous_1)
FNF:2
FNH:2
FNDA:4,(anonymous_0)
FNDA:5,(anonymous_1)
DA:1,1
DA:2,1
DA:3,1
DA:5,1
DA:7,1
DA:8,4
DA:9,4
DA:10,4
DA:11,3
DA:12,2
DA:13,2
DA:15,2
DA:19,1
DA:20,5
DA:21,5
DA:22,5
DA:23,4
DA:24,3
DA:26,1
DA:27,1
DA:29,1
DA:33,1
LF:22
LH:22
BRDA:5,0,0,1
BRDA:5,0,1,0
BRDA:23,1,0,3
BRDA:23,1,1,1
BRDA:23,2,0,4
BRDA:23,2,1,3
BRF:6
BRH:5
end_of_record
TN:
SF:src\models\user.js
FNF:0
FNH:0
DA:1,1
DA:2,1
DA:4,1
DA:12,1
LF:4
LH:4
BRF:0
BRH:0
end_of_record
