TN:
SF:index.js
FN:25,(anonymous_0)
FN:31,(anonymous_1)
FN:49,(anonymous_2)
FN:50,(anonymous_3)
FN:52,(anonymous_4)
FNF:5
FNH:0
FNDA:0,(anonymous_0)
FNDA:0,(anonymous_1)
FNDA:0,(anonymous_2)
FNDA:0,(anonymous_3)
FNDA:0,(anonymous_4)
DA:2,1
DA:3,1
DA:4,1
DA:5,1
DA:6,1
DA:7,1
DA:8,1
DA:9,1
DA:10,1
DA:13,1
DA:15,1
DA:17,1
DA:18,1
DA:21,1
DA:22,1
DA:25,1
DA:26,0
DA:27,0
DA:31,1
DA:32,0
DA:33,0
DA:37,1
DA:39,1
DA:41,1
DA:42,1
DA:44,1
DA:47,1
DA:48,0
DA:50,0
DA:52,0
DA:56,1
LF:31
LH:24
BRDA:18,0,0,1
BRDA:18,0,1,0
BRDA:47,1,0,0
BRDA:47,1,1,1
BRF:4
BRH:2
end_of_record
TN:
SF:src\config\database.js
FNF:0
FNH:0
DA:2,1
DA:3,1
DA:5,1
DA:7,1
DA:10,1
DA:11,1
DA:14,1
DA:19,1
LF:8
LH:8
BRDA:10,0,0,1
BRDA:10,0,1,0
BRDA:11,1,0,1
BRDA:11,1,1,0
BRF:4
BRH:2
end_of_record
TN:
SF:src\controllers\authController.js
FN:7,(anonymous_0)
FN:19,(anonymous_1)
FNF:2
FNH:2
FNDA:7,(anonymous_0)
FNDA:3,(anonymous_1)
DA:1,1
DA:2,1
DA:3,1
DA:5,1
DA:7,1
DA:8,7
DA:9,7
DA:10,7
DA:11,6
DA:12,5
DA:13,5
DA:15,2
DA:19,1
DA:20,3
DA:21,3
DA:22,3
DA:23,3
DA:24,2
DA:26,1
DA:27,1
DA:29,0
DA:33,1
LF:22
LH:21
BRDA:5,0,0,1
BRDA:5,0,1,0
BRDA:23,1,0,2
BRDA:23,1,1,1
BRDA:23,2,0,3
BRDA:23,2,1,2
BRF:6
BRH:5
end_of_record
TN:
SF:src\controllers\messageController.js
FN:7,(anonymous_0)
FN:45,(anonymous_1)
FN:93,(anonymous_2)
FN:130,(anonymous_3)
FN:172,(anonymous_4)
FN:199,(anonymous_5)
FNF:6
FNH:0
FNDA:0,(anonymous_0)
FNDA:0,(anonymous_1)
FNDA:0,(anonymous_2)
FNDA:0,(anonymous_3)
FNDA:0,(anonymous_4)
FNDA:0,(anonymous_5)
DA:1,1
DA:2,1
DA:3,1
DA:4,1
DA:7,1
DA:8,0
DA:9,0
DA:10,0
DA:13,0
DA:14,0
DA:15,0
DA:19,0
DA:20,0
DA:21,0
DA:25,0
DA:26,0
DA:29,0
DA:37,0
DA:39,0
DA:40,0
DA:45,1
DA:46,0
DA:47,0
DA:50,0
DA:56,0
DA:63,0
DA:65,0
DA:66,0
DA:70,0
DA:74,0
DA:83,0
DA:90,0
DA:92,0
DA:93,0
DA:96,0
DA:97,0
DA:101,0
DA:105,0
DA:114,0
DA:122,0
DA:124,0
DA:125,0
DA:130,1
DA:131,0
DA:132,0
DA:133,0
DA:135,0
DA:152,0
DA:164,0
DA:166,0
DA:167,0
DA:172,1
DA:173,0
DA:174,0
DA:175,0
DA:177,0
DA:179,0
DA:180,0
DA:184,0
DA:185,0
DA:188,0
DA:189,0
DA:191,0
DA:193,0
DA:194,0
DA:199,1
DA:200,0
DA:201,0
DA:203,0
DA:210,0
DA:212,0
DA:213,0
LF:72
LH:9
BRDA:14,0,0,0
BRDA:14,0,1,0
BRDA:20,1,0,0
BRDA:20,1,1,0
BRDA:25,2,0,0
BRDA:25,2,1,0
BRDA:93,3,0,0
BRDA:93,3,1,0
BRDA:96,4,0,0
BRDA:96,4,1,0
BRDA:179,5,0,0
BRDA:179,5,1,0
BRDA:184,6,0,0
BRDA:184,6,1,0
BRF:14
BRH:0
end_of_record
TN:
SF:src\controllers\reviewController.js
FN:4,(anonymous_0)
FN:19,(anonymous_1)
FN:34,(anonymous_2)
FN:47,(anonymous_3)
FNF:4
FNH:0
FNDA:0,(anonymous_0)
FNDA:0,(anonymous_1)
FNDA:0,(anonymous_2)
FNDA:0,(anonymous_3)
DA:1,1
DA:2,1
DA:4,1
DA:5,0
DA:6,0
DA:8,0
DA:9,0
DA:13,0
DA:15,0
DA:19,1
DA:20,0
DA:21,0
DA:28,0
DA:30,0
DA:34,1
DA:35,0
DA:36,0
DA:37,0
DA:38,0
DA:40,0
DA:41,0
DA:43,0
DA:47,1
DA:48,0
DA:49,0
DA:50,0
DA:51,0
DA:53,0
DA:54,0
DA:56,0
LF:30
LH:6
BRDA:6,0,0,0
BRDA:6,0,1,0
BRDA:37,1,0,0
BRDA:37,1,1,0
BRDA:38,2,0,0
BRDA:38,2,1,0
BRDA:50,3,0,0
BRDA:50,3,1,0
BRDA:51,4,0,0
BRDA:51,4,1,0
BRF:10
BRH:0
end_of_record
TN:
SF:src\controllers\userController.js
FN:6,(anonymous_0)
FN:12,(anonymous_1)
FN:28,(anonymous_2)
FN:35,(anonymous_3)
FN:54,(anonymous_4)
FNF:5
FNH:1
FNDA:1,(anonymous_0)
FNDA:0,(anonymous_1)
FNDA:0,(anonymous_2)
FNDA:0,(anonymous_3)
FNDA:0,(anonymous_4)
DA:1,1
DA:2,1
DA:3,1
DA:6,1
DA:7,1
DA:8,1
DA:12,1
DA:13,0
DA:14,0
DA:16,0
DA:21,0
DA:23,0
DA:28,1
DA:29,0
DA:32,0
DA:35,1
DA:36,0
DA:37,0
DA:39,0
DA:40,0
DA:47,0
DA:49,0
DA:54,1
DA:55,0
DA:56,0
DA:58,0
DA:59,0
DA:66,0
DA:67,0
DA:69,0
DA:72,0
LF:31
LH:10
BRDA:66,0,0,0
BRDA:66,0,1,0
BRF:2
BRH:0
end_of_record
TN:
SF:src\middleware\authMiddleware.js
FN:7,(anonymous_0)
FNF:1
FNH:1
FNDA:3,(anonymous_0)
DA:1,1
DA:4,1
DA:7,1
DA:8,3
DA:11,3
DA:12,1
DA:15,2
DA:17,2
DA:19,2
DA:22,1
DA:24,1
DA:26,1
DA:30,1
LF:13
LH:13
BRDA:4,0,0,1
BRDA:4,0,1,0
BRDA:11,1,0,1
BRDA:11,1,1,2
BRDA:11,2,0,3
BRDA:11,2,1,2
BRF:6
BRH:5
end_of_record
TN:
SF:src\middleware\reviewValidator.js
FNF:0
FNH:0
DA:1,1
DA:3,1
LF:2
LH:2
BRF:0
BRH:0
end_of_record
TN:
SF:src\models\associations.js
FNF:0
FNH:0
DA:1,1
DA:2,1
DA:3,1
DA:4,1
DA:5,1
DA:8,1
DA:9,1
DA:12,1
DA:13,1
DA:16,1
DA:17,1
DA:20,1
DA:21,1
DA:24,1
DA:25,1
DA:26,1
DA:28,1
LF:17
LH:17
BRF:0
BRH:0
end_of_record
TN:
SF:src\models\favorite.js
FNF:0
FNH:0
DA:1,1
DA:2,1
DA:3,1
DA:4,1
DA:6,1
DA:11,1
LF:6
LH:6
BRF:0
BRH:0
end_of_record
TN:
SF:src\models\listing.js
FNF:0
FNH:0
DA:2,1
DA:3,1
DA:5,1
DA:29,1
LF:4
LH:4
BRF:0
BRH:0
end_of_record
TN:
SF:src\models\message.js
FNF:0
FNH:0
DA:1,1
DA:2,1
DA:4,1
DA:32,1
LF:4
LH:4
BRF:0
BRH:0
end_of_record
TN:
SF:src\models\review.js
FNF:0
FNH:0
DA:1,1
DA:2,1
DA:4,1
DA:32,1
LF:4
LH:4
BRF:0
BRH:0
end_of_record
TN:
SF:src\models\user.js
FNF:0
FNH:0
DA:1,1
DA:2,1
DA:4,1
DA:12,1
LF:4
LH:4
BRF:0
BRH:0
end_of_record
TN:
SF:src\routes\authRoutes.js
FNF:0
FNH:0
DA:1,1
DA:2,1
DA:4,1
DA:6,1
DA:7,1
DA:9,1
LF:6
LH:6
BRF:0
BRH:0
end_of_record
TN:
SF:src\routes\listings.js
FN:10,(anonymous_0)
FN:32,(anonymous_1)
FN:85,(anonymous_2)
FN:97,(anonymous_3)
FN:117,(anonymous_4)
FN:133,(anonymous_5)
FNF:6
FNH:0
FNDA:0,(anonymous_0)
FNDA:0,(anonymous_1)
FNDA:0,(anonymous_2)
FNDA:0,(anonymous_3)
FNDA:0,(anonymous_4)
FNDA:0,(anonymous_5)
DA:1,1
DA:2,1
DA:3,1
DA:4,1
DA:5,1
DA:6,1
DA:7,1
DA:10,1
DA:11,0
DA:12,0
DA:16,0
DA:18,0
DA:23,1
DA:32,1
DA:33,0
DA:35,0
DA:36,0
DA:37,0
DA:48,0
DA:50,0
DA:53,0
DA:54,0
DA:55,0
DA:57,0
DA:58,0
DA:59,0
DA:60,0
DA:63,0
DA:64,0
DA:66,0
DA:76,0
DA:79,0
DA:80,0
DA:85,1
DA:86,0
DA:87,0
DA:90,0
DA:91,0
DA:93,0
DA:97,1
DA:98,0
DA:99,0
DA:100,0
DA:111,0
DA:113,0
DA:117,1
DA:118,0
DA:119,0
DA:120,0
DA:122,0
DA:123,0
DA:126,0
DA:127,0
DA:129,0
DA:133,1
DA:134,0
DA:135,0
DA:136,0
DA:138,0
DA:139,0
DA:142,0
DA:143,0
DA:145,0
DA:149,1
LF:64
LH:15
BRDA:36,0,0,0
BRDA:36,0,1,0
BRDA:53,1,0,0
BRDA:53,1,1,0
BRDA:54,2,0,0
BRDA:54,2,1,0
BRDA:55,3,0,0
BRDA:55,3,1,0
BRDA:57,4,0,0
BRDA:57,4,1,0
BRDA:57,5,0,0
BRDA:57,5,1,0
BRDA:59,6,0,0
BRDA:59,6,1,0
BRDA:60,7,0,0
BRDA:60,7,1,0
BRDA:63,8,0,0
BRDA:63,8,1,0
BRDA:64,9,0,0
BRDA:64,9,1,0
BRDA:90,10,0,0
BRDA:90,10,1,0
BRDA:120,11,0,0
BRDA:120,11,1,0
BRDA:122,12,0,0
BRDA:122,12,1,0
BRDA:136,13,0,0
BRDA:136,13,1,0
BRDA:138,14,0,0
BRDA:138,14,1,0
BRF:30
BRH:0
end_of_record
TN:
SF:src\routes\messageRoutes.js
FNF:0
FNH:0
DA:1,1
DA:2,1
DA:3,1
DA:4,1
DA:7,1
DA:8,1
DA:9,1
DA:10,1
DA:11,1
DA:13,1
LF:10
LH:10
BRF:0
BRH:0
end_of_record
TN:
SF:src\routes\reviewRoutes.js
FNF:0
FNH:0
DA:1,1
DA:2,1
DA:3,1
DA:4,1
DA:5,1
DA:7,1
DA:8,1
DA:9,1
DA:10,1
DA:12,1
LF:10
LH:10
BRF:0
BRH:0
end_of_record
TN:
SF:src\routes\userRoutes.js
FNF:0
FNH:0
DA:1,1
DA:2,1
DA:3,1
DA:4,1
DA:6,1
DA:7,1
DA:8,1
DA:9,1
DA:10,1
DA:13,1
LF:10
LH:10
BRF:0
BRH:0
end_of_record
